<?xml version="1.0" encoding="UTF-8"?>
<testng-results ignored="0" total="1" passed="1" failed="0" skipped="0">
  <reporter-output>
  </reporter-output>
  <suite started-at="2023-06-01T23:05:23 MDT" name="Suite" finished-at="2023-06-01T23:05:29 MDT" duration-ms="6413">
    <groups>
    </groups>
    <test started-at="2023-06-01T23:05:23 MDT" name="Test" finished-at="2023-06-01T23:05:29 MDT" duration-ms="6413">
      <class name="testCases.TC_001_AccountRegistrationTest">
        <test-method is-config="true" signature="setup()[pri:0, instance:testCases.TC_001_AccountRegistrationTest@3de8f619]" started-at="2023-06-01T23:05:23 MDT" name="setup" finished-at="2023-06-01T23:05:27 MDT" duration-ms="4236" status="PASS">
          <reporter-output>
          </reporter-output>
        </test-method> <!-- setup -->
        <test-method signature="test_account_Registration()[pri:0, instance:testCases.TC_001_AccountRegistrationTest@3de8f619]" started-at="2023-06-01T23:05:27 MDT" name="test_account_Registration" finished-at="2023-06-01T23:05:29 MDT" duration-ms="1536" status="PASS">
          <reporter-output>
          </reporter-output>
        </test-method> <!-- test_account_Registration -->
        <test-method is-config="true" signature="tearDown()[pri:0, instance:testCases.TC_001_AccountRegistrationTest@3de8f619]" started-at="2023-06-01T23:05:29 MDT" name="tearDown" finished-at="2023-06-01T23:05:29 MDT" duration-ms="604" status="PASS">
          <reporter-output>
          </reporter-output>
        </test-method> <!-- tearDown -->
      </class> <!-- testCases.TC_001_AccountRegistrationTest -->
    </test> <!-- Test -->
  </suite> <!-- Suite -->
</testng-results>
